2023-08-06 02:45:17.073476 - Initialized conversion of CBT294
2023-08-06 02:45:17.350899 - Received CBT.V505.FILE294.PDS from FILE294.XMI 
2023-08-06 02:45:17.353211 - Found $$$#DATE.txt (text/plain) in CBT.V505.FILE294.PDS, moved to PDS/$$$#DATE
2023-08-06 02:45:17.354152 - Found $$DOC.txt (text/plain) in CBT.V505.FILE294.PDS, moved to PDS/$$DOC
2023-08-06 02:45:17.355175 - Found $CAPDOC.txt (text/plain) in CBT.V505.FILE294.PDS, moved to PDS/$CAPDOC
2023-08-06 02:45:17.356087 - Found $CBTJCL.jcl (text/plain) in CBT.V505.FILE294.PDS, moved to PDS/$CBTJCL
2023-08-06 02:45:17.357001 - Found $INSTALL.txt (text/plain) in CBT.V505.FILE294.PDS, moved to PDS/$INSTALL
2023-08-06 02:45:17.357943 - Found @FILE294.txt (text/plain) in CBT.V505.FILE294.PDS, moved to PDS/@FILE294
2023-08-06 02:45:17.358838 - Found @INSTALL.jcl (text/plain) in CBT.V505.FILE294.PDS, moved to PDS/@INSTALL
2023-08-06 02:45:17.359636 - Found ASMOPTIM.jcl (text/plain) in CBT.V505.FILE294.PDS, moved to PDS/ASMOPTIM
2023-08-06 02:45:17.360463 - Found ASMPLOPT.jcl (text/plain) in CBT.V505.FILE294.PDS, moved to PDS/ASMPLOPT
2023-08-06 02:45:17.361331 - Found ASMVSAMA.jcl (text/plain) in CBT.V505.FILE294.PDS, moved to PDS/ASMVSAMA
2023-08-06 02:45:17.362134 - Found ASMVSAMS.jcl (text/plain) in CBT.V505.FILE294.PDS, moved to PDS/ASMVSAMS
2023-08-06 02:45:17.362944 - Found BUF3270.txt (text/plain) in CBT.V505.FILE294.PDS, moved to PDS/BUF3270
2023-08-06 02:45:17.363743 - Found DATASCRN.txt (text/plain) in CBT.V505.FILE294.PDS, moved to PDS/DATASCRN
2023-08-06 02:45:17.364571 - Found DESCSCRN.txt (text/plain) in CBT.V505.FILE294.PDS, moved to PDS/DESCSCRN
2023-08-06 02:45:17.365388 - Found DOCUMENT.txt (text/plain) in CBT.V505.FILE294.PDS, moved to PDS/DOCUMENT
2023-08-06 02:45:17.366386 - Found DTLSCRN.txt (text/plain) in CBT.V505.FILE294.PDS, moved to PDS/DTLSCRN
2023-08-06 02:45:17.367208 - Found FIELD.txt (text/plain) in CBT.V505.FILE294.PDS, moved to PDS/FIELD
2023-08-06 02:45:17.368068 - Found HEADSCRN.txt (text/plain) in CBT.V505.FILE294.PDS, moved to PDS/HEADSCRN
2023-08-06 02:45:17.368889 - Found HELP.txt (text/plain) in CBT.V505.FILE294.PDS, moved to PDS/HELP
2023-08-06 02:45:17.369849 - Found HLP0SCRN.txt (text/plain) in CBT.V505.FILE294.PDS, moved to PDS/HLP0SCRN
2023-08-06 02:45:17.370809 - Found HLP1SCRN.txt (text/plain) in CBT.V505.FILE294.PDS, moved to PDS/HLP1SCRN
2023-08-06 02:45:17.371809 - Found HLP2SCRN.txt (text/plain) in CBT.V505.FILE294.PDS, moved to PDS/HLP2SCRN
2023-08-06 02:45:17.372701 - Found HLP3SCRN.txt (text/plain) in CBT.V505.FILE294.PDS, moved to PDS/HLP3SCRN
2023-08-06 02:45:17.373546 - Found HLP4SCRN.txt (text/plain) in CBT.V505.FILE294.PDS, moved to PDS/HLP4SCRN
2023-08-06 02:45:17.374409 - Found HLP5SCRN.txt (text/plain) in CBT.V505.FILE294.PDS, moved to PDS/HLP5SCRN
2023-08-06 02:45:17.375387 - Found HLP6SCRN.txt (text/plain) in CBT.V505.FILE294.PDS, moved to PDS/HLP6SCRN
2023-08-06 02:45:17.376322 - Found HLP7SCRN.txt (text/plain) in CBT.V505.FILE294.PDS, moved to PDS/HLP7SCRN
2023-08-06 02:45:17.377282 - Found MENUSCRN.txt (text/plain) in CBT.V505.FILE294.PDS, moved to PDS/MENUSCRN
2023-08-06 02:45:17.378298 - Found OSINIT.txt (text/plain) in CBT.V505.FILE294.PDS, moved to PDS/OSINIT
2023-08-06 02:45:17.379223 - Found SBA.txt (text/plain) in CBT.V505.FILE294.PDS, moved to PDS/SBA
2023-08-06 02:45:17.380101 - Found SF.txt (text/plain) in CBT.V505.FILE294.PDS, moved to PDS/SF
2023-08-06 02:45:17.380974 - Found VSAMADEV.txt (text/plain) in CBT.V505.FILE294.PDS, moved to PDS/VSAMADEV
2023-08-06 02:45:17.381916 - Found VSAMADTL.txt (text/plain) in CBT.V505.FILE294.PDS, moved to PDS/VSAMADTL
2023-08-06 02:45:17.382817 - Found VSAMAEQU.txt (text/plain) in CBT.V505.FILE294.PDS, moved to PDS/VSAMAEQU
2023-08-06 02:45:17.383688 - Found VSAMAGET.txt (text/plain) in CBT.V505.FILE294.PDS, moved to PDS/VSAMAGET
2023-08-06 02:45:17.384534 - Found VSAMAHLP.txt (text/plain) in CBT.V505.FILE294.PDS, moved to PDS/VSAMAHLP
2023-08-06 02:45:17.385450 - Found VSAMANAL.txt (text/plain) in CBT.V505.FILE294.PDS, moved to PDS/VSAMANAL
2023-08-06 02:45:17.386406 - Found VSAMANDX.txt (text/plain) in CBT.V505.FILE294.PDS, moved to PDS/VSAMANDX
2023-08-06 02:45:17.387405 - Found VSAMAWRK.txt (text/plain) in CBT.V505.FILE294.PDS, moved to PDS/VSAMAWRK
2023-08-06 02:45:17.388312 - Found VSAMSIZE.txt (text/plain) in CBT.V505.FILE294.PDS, moved to PDS/VSAMSIZE
